mode: set
github.com/k8-proxy/go-k8s-process/cmd/main.go:56.13,60.16 2 0
github.com/k8-proxy/go-k8s-process/cmd/main.go:65.2,66.16 2 0
github.com/k8-proxy/go-k8s-process/cmd/main.go:71.2,72.16 2 0
github.com/k8-proxy/go-k8s-process/cmd/main.go:75.2,78.16 3 0
github.com/k8-proxy/go-k8s-process/cmd/main.go:82.2,85.12 2 0
github.com/k8-proxy/go-k8s-process/cmd/main.go:100.2,101.11 2 0
github.com/k8-proxy/go-k8s-process/cmd/main.go:60.16,62.3 1 0
github.com/k8-proxy/go-k8s-process/cmd/main.go:66.16,68.3 1 0
github.com/k8-proxy/go-k8s-process/cmd/main.go:72.16,74.3 1 0
github.com/k8-proxy/go-k8s-process/cmd/main.go:78.16,80.3 1 0
github.com/k8-proxy/go-k8s-process/cmd/main.go:85.12,86.23 1 0
github.com/k8-proxy/go-k8s-process/cmd/main.go:86.23,90.18 3 0
github.com/k8-proxy/go-k8s-process/cmd/main.go:95.4,96.18 2 0
github.com/k8-proxy/go-k8s-process/cmd/main.go:90.18,92.5 1 0
github.com/k8-proxy/go-k8s-process/cmd/main.go:105.44,108.44 1 1
github.com/k8-proxy/go-k8s-process/cmd/main.go:112.2,114.41 2 1
github.com/k8-proxy/go-k8s-process/cmd/main.go:118.2,143.16 21 1
github.com/k8-proxy/go-k8s-process/cmd/main.go:147.2,154.16 6 1
github.com/k8-proxy/go-k8s-process/cmd/main.go:164.2,167.16 4 1
github.com/k8-proxy/go-k8s-process/cmd/main.go:171.2,173.30 2 0
github.com/k8-proxy/go-k8s-process/cmd/main.go:181.2,184.22 2 0
github.com/k8-proxy/go-k8s-process/cmd/main.go:193.2,193.12 1 0
github.com/k8-proxy/go-k8s-process/cmd/main.go:108.44,110.3 1 0
github.com/k8-proxy/go-k8s-process/cmd/main.go:114.41,116.3 1 0
github.com/k8-proxy/go-k8s-process/cmd/main.go:143.16,145.3 1 0
github.com/k8-proxy/go-k8s-process/cmd/main.go:154.16,159.3 2 1
github.com/k8-proxy/go-k8s-process/cmd/main.go:159.8,162.3 1 0
github.com/k8-proxy/go-k8s-process/cmd/main.go:167.16,170.3 1 1
github.com/k8-proxy/go-k8s-process/cmd/main.go:173.30,175.17 2 0
github.com/k8-proxy/go-k8s-process/cmd/main.go:178.3,178.64 1 0
github.com/k8-proxy/go-k8s-process/cmd/main.go:175.17,177.4 1 0
github.com/k8-proxy/go-k8s-process/cmd/main.go:184.22,186.17 2 0
github.com/k8-proxy/go-k8s-process/cmd/main.go:189.3,189.139 1 0
github.com/k8-proxy/go-k8s-process/cmd/main.go:186.17,188.4 1 0
github.com/k8-proxy/go-k8s-process/cmd/main.go:190.8,192.3 1 0
github.com/k8-proxy/go-k8s-process/cmd/main.go:196.73,200.16 4 1
github.com/k8-proxy/go-k8s-process/cmd/main.go:205.2,206.16 2 0
github.com/k8-proxy/go-k8s-process/cmd/main.go:213.2,215.16 2 0
github.com/k8-proxy/go-k8s-process/cmd/main.go:221.2,222.16 2 0
github.com/k8-proxy/go-k8s-process/cmd/main.go:228.2,228.26 1 0
github.com/k8-proxy/go-k8s-process/cmd/main.go:200.16,203.3 2 1
github.com/k8-proxy/go-k8s-process/cmd/main.go:206.16,211.3 2 0
github.com/k8-proxy/go-k8s-process/cmd/main.go:215.16,220.3 2 0
github.com/k8-proxy/go-k8s-process/cmd/main.go:222.16,227.3 2 0
github.com/k8-proxy/go-k8s-process/cmd/main.go:231.42,235.16 3 1
github.com/k8-proxy/go-k8s-process/cmd/main.go:239.2,242.16 3 1
github.com/k8-proxy/go-k8s-process/cmd/main.go:245.2,245.15 1 1
github.com/k8-proxy/go-k8s-process/cmd/main.go:235.16,238.3 1 0
github.com/k8-proxy/go-k8s-process/cmd/main.go:242.16,244.3 1 0
github.com/k8-proxy/go-k8s-process/cmd/main.go:249.64,250.24 1 1
github.com/k8-proxy/go-k8s-process/cmd/main.go:253.2,254.26 2 0
github.com/k8-proxy/go-k8s-process/cmd/main.go:258.2,259.17 2 0
github.com/k8-proxy/go-k8s-process/cmd/main.go:263.2,265.16 3 0
github.com/k8-proxy/go-k8s-process/cmd/main.go:270.2,270.27 1 0
github.com/k8-proxy/go-k8s-process/cmd/main.go:250.24,252.3 1 1
github.com/k8-proxy/go-k8s-process/cmd/main.go:254.26,257.3 1 0
github.com/k8-proxy/go-k8s-process/cmd/main.go:259.17,261.3 1 0
github.com/k8-proxy/go-k8s-process/cmd/main.go:265.16,268.3 1 0
