mode: set
github.com/k8-proxy/go-k8s-process/cmd/main.go:72.13,74.31 1 1
github.com/k8-proxy/go-k8s-process/cmd/main.go:79.2,82.16 3 1
github.com/k8-proxy/go-k8s-process/cmd/main.go:86.2,87.16 2 1
github.com/k8-proxy/go-k8s-process/cmd/main.go:92.2,93.16 2 1
github.com/k8-proxy/go-k8s-process/cmd/main.go:98.2,99.16 2 1
github.com/k8-proxy/go-k8s-process/cmd/main.go:103.2,105.16 3 1
github.com/k8-proxy/go-k8s-process/cmd/main.go:110.2,115.12 3 1
github.com/k8-proxy/go-k8s-process/cmd/main.go:137.2,138.11 2 1
github.com/k8-proxy/go-k8s-process/cmd/main.go:74.31,76.3 1 1
github.com/k8-proxy/go-k8s-process/cmd/main.go:76.8,78.3 1 0
github.com/k8-proxy/go-k8s-process/cmd/main.go:82.16,84.3 1 0
github.com/k8-proxy/go-k8s-process/cmd/main.go:87.16,89.3 1 0
github.com/k8-proxy/go-k8s-process/cmd/main.go:93.16,95.3 1 0
github.com/k8-proxy/go-k8s-process/cmd/main.go:99.16,102.3 1 0
github.com/k8-proxy/go-k8s-process/cmd/main.go:105.16,108.3 1 0
github.com/k8-proxy/go-k8s-process/cmd/main.go:115.12,116.23 1 1
github.com/k8-proxy/go-k8s-process/cmd/main.go:116.23,122.28 4 0
github.com/k8-proxy/go-k8s-process/cmd/main.go:125.4,126.18 2 0
github.com/k8-proxy/go-k8s-process/cmd/main.go:132.4,133.18 2 0
github.com/k8-proxy/go-k8s-process/cmd/main.go:122.28,124.5 1 0
github.com/k8-proxy/go-k8s-process/cmd/main.go:126.18,129.5 1 0
github.com/k8-proxy/go-k8s-process/cmd/main.go:141.42,143.16 1 1
github.com/k8-proxy/go-k8s-process/cmd/main.go:143.16,148.23 5 1
github.com/k8-proxy/go-k8s-process/cmd/main.go:151.3,155.26 2 1
github.com/k8-proxy/go-k8s-process/cmd/main.go:161.3,171.31 9 1
github.com/k8-proxy/go-k8s-process/cmd/main.go:148.23,150.4 1 1
github.com/k8-proxy/go-k8s-process/cmd/main.go:155.26,157.4 1 1
github.com/k8-proxy/go-k8s-process/cmd/main.go:157.9,160.4 1 0
github.com/k8-proxy/go-k8s-process/cmd/main.go:172.8,177.23 5 1
github.com/k8-proxy/go-k8s-process/cmd/main.go:180.3,184.26 2 1
github.com/k8-proxy/go-k8s-process/cmd/main.go:190.3,200.35 9 1
github.com/k8-proxy/go-k8s-process/cmd/main.go:177.23,179.4 1 1
github.com/k8-proxy/go-k8s-process/cmd/main.go:184.26,186.4 1 0
github.com/k8-proxy/go-k8s-process/cmd/main.go:186.9,189.4 1 1
github.com/k8-proxy/go-k8s-process/cmd/main.go:206.41,209.26 2 1
github.com/k8-proxy/go-k8s-process/cmd/main.go:258.2,259.36 1 1
github.com/k8-proxy/go-k8s-process/cmd/main.go:263.2,267.16 4 1
github.com/k8-proxy/go-k8s-process/cmd/main.go:271.2,276.22 3 1
github.com/k8-proxy/go-k8s-process/cmd/main.go:279.2,279.26 1 1
github.com/k8-proxy/go-k8s-process/cmd/main.go:286.2,287.16 2 1
github.com/k8-proxy/go-k8s-process/cmd/main.go:292.2,294.12 2 1
github.com/k8-proxy/go-k8s-process/cmd/main.go:209.26,210.27 1 1
github.com/k8-proxy/go-k8s-process/cmd/main.go:217.3,217.32 1 1
github.com/k8-proxy/go-k8s-process/cmd/main.go:210.27,215.4 4 1
github.com/k8-proxy/go-k8s-process/cmd/main.go:217.32,220.20 2 1
github.com/k8-proxy/go-k8s-process/cmd/main.go:223.4,223.24 1 1
github.com/k8-proxy/go-k8s-process/cmd/main.go:227.4,231.27 2 1
github.com/k8-proxy/go-k8s-process/cmd/main.go:237.4,242.51 5 1
github.com/k8-proxy/go-k8s-process/cmd/main.go:220.20,222.5 1 0
github.com/k8-proxy/go-k8s-process/cmd/main.go:223.24,225.5 1 0
github.com/k8-proxy/go-k8s-process/cmd/main.go:231.27,233.5 1 0
github.com/k8-proxy/go-k8s-process/cmd/main.go:233.10,236.5 1 1
github.com/k8-proxy/go-k8s-process/cmd/main.go:244.9,245.27 1 0
github.com/k8-proxy/go-k8s-process/cmd/main.go:251.4,254.65 4 0
github.com/k8-proxy/go-k8s-process/cmd/main.go:245.27,247.5 1 0
github.com/k8-proxy/go-k8s-process/cmd/main.go:247.10,250.5 1 0
github.com/k8-proxy/go-k8s-process/cmd/main.go:259.36,261.3 1 0
github.com/k8-proxy/go-k8s-process/cmd/main.go:267.16,269.3 1 0
github.com/k8-proxy/go-k8s-process/cmd/main.go:276.22,278.3 1 0
github.com/k8-proxy/go-k8s-process/cmd/main.go:279.26,284.3 3 1
github.com/k8-proxy/go-k8s-process/cmd/main.go:287.16,289.3 1 0
github.com/k8-proxy/go-k8s-process/cmd/main.go:297.63,299.26 2 1
github.com/k8-proxy/go-k8s-process/cmd/main.go:305.2,314.16 7 1
github.com/k8-proxy/go-k8s-process/cmd/main.go:323.2,328.32 5 1
github.com/k8-proxy/go-k8s-process/cmd/main.go:332.2,335.33 3 0
github.com/k8-proxy/go-k8s-process/cmd/main.go:339.2,339.30 1 0
github.com/k8-proxy/go-k8s-process/cmd/main.go:355.2,357.17 2 0
github.com/k8-proxy/go-k8s-process/cmd/main.go:369.2,370.22 2 0
github.com/k8-proxy/go-k8s-process/cmd/main.go:379.2,381.20 2 0
github.com/k8-proxy/go-k8s-process/cmd/main.go:395.2,396.25 2 0
github.com/k8-proxy/go-k8s-process/cmd/main.go:405.2,406.16 2 0
github.com/k8-proxy/go-k8s-process/cmd/main.go:299.26,303.3 3 1
github.com/k8-proxy/go-k8s-process/cmd/main.go:314.16,315.27 1 1
github.com/k8-proxy/go-k8s-process/cmd/main.go:319.3,319.60 1 1
github.com/k8-proxy/go-k8s-process/cmd/main.go:315.27,318.4 1 1
github.com/k8-proxy/go-k8s-process/cmd/main.go:328.32,330.3 1 1
github.com/k8-proxy/go-k8s-process/cmd/main.go:335.33,337.3 1 0
github.com/k8-proxy/go-k8s-process/cmd/main.go:339.30,341.20 2 0
github.com/k8-proxy/go-k8s-process/cmd/main.go:341.20,344.4 1 0
github.com/k8-proxy/go-k8s-process/cmd/main.go:344.9,346.28 2 0
github.com/k8-proxy/go-k8s-process/cmd/main.go:350.4,350.74 1 0
github.com/k8-proxy/go-k8s-process/cmd/main.go:346.28,348.5 1 0
github.com/k8-proxy/go-k8s-process/cmd/main.go:357.17,360.3 1 0
github.com/k8-proxy/go-k8s-process/cmd/main.go:360.8,362.27 2 0
github.com/k8-proxy/go-k8s-process/cmd/main.go:365.3,365.70 1 0
github.com/k8-proxy/go-k8s-process/cmd/main.go:362.27,364.4 1 0
github.com/k8-proxy/go-k8s-process/cmd/main.go:370.22,374.3 1 0
github.com/k8-proxy/go-k8s-process/cmd/main.go:374.8,377.3 1 0
github.com/k8-proxy/go-k8s-process/cmd/main.go:381.20,385.3 1 0
github.com/k8-proxy/go-k8s-process/cmd/main.go:385.8,387.27 2 0
github.com/k8-proxy/go-k8s-process/cmd/main.go:391.3,391.71 1 0
github.com/k8-proxy/go-k8s-process/cmd/main.go:387.27,389.4 1 0
github.com/k8-proxy/go-k8s-process/cmd/main.go:396.25,400.3 1 0
github.com/k8-proxy/go-k8s-process/cmd/main.go:400.8,403.3 1 0
github.com/k8-proxy/go-k8s-process/cmd/main.go:406.16,409.3 1 0
github.com/k8-proxy/go-k8s-process/cmd/main.go:412.42,413.26 1 1
github.com/k8-proxy/go-k8s-process/cmd/main.go:418.2,418.24 1 1
github.com/k8-proxy/go-k8s-process/cmd/main.go:422.2,424.16 3 1
github.com/k8-proxy/go-k8s-process/cmd/main.go:428.2,431.16 3 1
github.com/k8-proxy/go-k8s-process/cmd/main.go:434.2,434.15 1 1
github.com/k8-proxy/go-k8s-process/cmd/main.go:413.26,417.3 3 1
github.com/k8-proxy/go-k8s-process/cmd/main.go:418.24,420.3 1 0
github.com/k8-proxy/go-k8s-process/cmd/main.go:424.16,427.3 1 0
github.com/k8-proxy/go-k8s-process/cmd/main.go:431.16,433.3 1 0
github.com/k8-proxy/go-k8s-process/cmd/main.go:438.64,439.24 1 1
github.com/k8-proxy/go-k8s-process/cmd/main.go:442.2,442.26 1 1
github.com/k8-proxy/go-k8s-process/cmd/main.go:447.2,448.26 2 1
github.com/k8-proxy/go-k8s-process/cmd/main.go:452.2,453.17 2 1
github.com/k8-proxy/go-k8s-process/cmd/main.go:457.2,458.16 2 1
github.com/k8-proxy/go-k8s-process/cmd/main.go:463.2,463.27 1 1
github.com/k8-proxy/go-k8s-process/cmd/main.go:439.24,441.3 1 0
github.com/k8-proxy/go-k8s-process/cmd/main.go:442.26,446.3 3 1
github.com/k8-proxy/go-k8s-process/cmd/main.go:448.26,451.3 1 0
github.com/k8-proxy/go-k8s-process/cmd/main.go:453.17,455.3 1 0
github.com/k8-proxy/go-k8s-process/cmd/main.go:458.16,461.3 1 0
github.com/k8-proxy/go-k8s-process/cmd/main.go:467.90,472.16 3 1
github.com/k8-proxy/go-k8s-process/cmd/main.go:477.2,480.22 3 1
github.com/k8-proxy/go-k8s-process/cmd/main.go:472.16,476.3 3 0
github.com/k8-proxy/go-k8s-process/cmd/main.go:483.59,486.2 2 1
github.com/k8-proxy/go-k8s-process/cmd/main.go:487.64,490.2 2 1
github.com/k8-proxy/go-k8s-process/cmd/main.go:491.83,492.24 1 1
github.com/k8-proxy/go-k8s-process/cmd/main.go:501.2,501.12 1 1
github.com/k8-proxy/go-k8s-process/cmd/main.go:492.24,494.10 2 1
github.com/k8-proxy/go-k8s-process/cmd/main.go:497.3,497.39 1 1
github.com/k8-proxy/go-k8s-process/cmd/main.go:494.10,495.12 1 0
github.com/k8-proxy/go-k8s-process/cmd/main.go:497.39,499.4 1 0
github.com/k8-proxy/go-k8s-process/cmd/main.go:505.50,507.2 1 1
github.com/k8-proxy/go-k8s-process/cmd/main.go:508.101,509.19 1 1
github.com/k8-proxy/go-k8s-process/cmd/main.go:512.2,513.47 2 1
github.com/k8-proxy/go-k8s-process/cmd/main.go:509.19,511.3 1 0
